<?xml version="1.0" encoding="UTF-8"?>
<testsuite xmlns:xsi="http://www.w3.org/2001/XMLSchema-instance" xsi:noNamespaceSchemaLocation="https://maven.apache.org/surefire/maven-surefire-plugin/xsd/surefire-test-report-3.0.xsd" version="3.0" name="test.java.BusinessObjectTest" time="0.04" tests="38" errors="0" skipped="0" failures="0">
  <properties>
    <property name="java.specification.version" value="21"/>
    <property name="sun.jnu.encoding" value="UTF-8"/>
    <property name="java.class.path" value="/Users/kyu/Desktop/CS321/test/target/test-classes:/Users/kyu/.m2/repository/org/openjfx/javafx-controls/21.0.1/javafx-controls-21.0.1.jar:/Users/kyu/.m2/repository/org/openjfx/javafx-graphics/21.0.1/javafx-graphics-21.0.1.jar:/Users/kyu/.m2/repository/org/openjfx/javafx-base/21.0.1/javafx-base-21.0.1.jar:/Users/kyu/.m2/repository/org/junit/jupiter/junit-jupiter-engine/5.7.1/junit-jupiter-engine-5.7.1.jar:/Users/kyu/.m2/repository/org/apiguardian/apiguardian-api/1.1.0/apiguardian-api-1.1.0.jar:/Users/kyu/.m2/repository/org/junit/platform/junit-platform-engine/1.7.1/junit-platform-engine-1.7.1.jar:/Users/kyu/.m2/repository/org/opentest4j/opentest4j/1.2.0/opentest4j-1.2.0.jar:/Users/kyu/.m2/repository/org/junit/platform/junit-platform-commons/1.7.1/junit-platform-commons-1.7.1.jar:/Users/kyu/.m2/repository/org/junit/jupiter/junit-jupiter-api/5.7.1/junit-jupiter-api-5.7.1.jar:"/>
    <property name="java.vm.vendor" value="Oracle Corporation"/>
    <property name="sun.arch.data.model" value="64"/>
    <property name="java.vendor.url" value="https://java.oracle.com/"/>
    <property name="os.name" value="Mac OS X"/>
    <property name="java.vm.specification.version" value="21"/>
    <property name="sun.java.launcher" value="SUN_STANDARD"/>
    <property name="user.country" value="US"/>
    <property name="sun.boot.library.path" value="/Library/Java/JavaVirtualMachines/jdk-21.jdk/Contents/Home/lib"/>
    <property name="sun.java.command" value="org.apache.maven.surefire.booter.ForkedBooter /Users/kyu/Desktop/CS321/test/target/surefire 2023-12-01T19-26-11_571-jvmRun1 surefire-20231201192611687_1tmp surefire_0-20231201192611687_2tmp"/>
    <property name="http.nonProxyHosts" value="local|*.local|169.254/16|*.169.254/16"/>
    <property name="jdk.debug" value="release"/>
    <property name="surefire.test.class.path" value="/Users/kyu/Desktop/CS321/test/target/test-classes:/Users/kyu/.m2/repository/org/openjfx/javafx-controls/21.0.1/javafx-controls-21.0.1.jar:/Users/kyu/.m2/repository/org/openjfx/javafx-graphics/21.0.1/javafx-graphics-21.0.1.jar:/Users/kyu/.m2/repository/org/openjfx/javafx-base/21.0.1/javafx-base-21.0.1.jar:/Users/kyu/.m2/repository/org/junit/jupiter/junit-jupiter-engine/5.7.1/junit-jupiter-engine-5.7.1.jar:/Users/kyu/.m2/repository/org/apiguardian/apiguardian-api/1.1.0/apiguardian-api-1.1.0.jar:/Users/kyu/.m2/repository/org/junit/platform/junit-platform-engine/1.7.1/junit-platform-engine-1.7.1.jar:/Users/kyu/.m2/repository/org/opentest4j/opentest4j/1.2.0/opentest4j-1.2.0.jar:/Users/kyu/.m2/repository/org/junit/platform/junit-platform-commons/1.7.1/junit-platform-commons-1.7.1.jar:/Users/kyu/.m2/repository/org/junit/jupiter/junit-jupiter-api/5.7.1/junit-jupiter-api-5.7.1.jar:"/>
    <property name="sun.cpu.endian" value="little"/>
    <property name="user.home" value="/Users/kyu"/>
    <property name="user.language" value="en"/>
    <property name="java.specification.vendor" value="Oracle Corporation"/>
    <property name="jdk.module.path" value="/Users/kyu/Desktop/CS321/test/target/classes:/Users/kyu/.m2/repository/org/openjfx/javafx-controls/21.0.1/javafx-controls-21.0.1-mac-aarch64.jar:/Users/kyu/.m2/repository/org/openjfx/javafx-graphics/21.0.1/javafx-graphics-21.0.1-mac-aarch64.jar:/Users/kyu/.m2/repository/org/openjfx/javafx-base/21.0.1/javafx-base-21.0.1-mac-aarch64.jar"/>
    <property name="java.version.date" value="2023-10-17"/>
    <property name="java.home" value="/Library/Java/JavaVirtualMachines/jdk-21.jdk/Contents/Home"/>
    <property name="file.separator" value="/"/>
    <property name="basedir" value="/Users/kyu/Desktop/CS321/test"/>
    <property name="java.vm.compressedOopsMode" value="Zero based"/>
    <property name="line.separator" value="&#10;"/>
    <property name="java.vm.specification.vendor" value="Oracle Corporation"/>
    <property name="java.specification.name" value="Java Platform API Specification"/>
    <property name="apple.awt.application.name" value="ForkedBooter"/>
    <property name="surefire.real.class.path" value="/Users/kyu/.m2/repository/org/apache/maven/surefire/surefire-api/3.1.2/surefire-api-3.1.2.jar:/Users/kyu/.m2/repository/org/apache/maven/surefire/surefire-booter/3.1.2/surefire-booter-3.1.2.jar:/Users/kyu/.m2/repository/org/apache/maven/surefire/surefire-extensions-spi/3.1.2/surefire-extensions-spi-3.1.2.jar:/Users/kyu/.m2/repository/org/apache/maven/surefire/surefire-logger-api/3.1.2/surefire-logger-api-3.1.2.jar:/Users/kyu/.m2/repository/org/apache/maven/surefire/surefire-shared-utils/3.1.2/surefire-shared-utils-3.1.2.jar:/Users/kyu/Desktop/CS321/test/target/test-classes:/Users/kyu/.m2/repository/org/openjfx/javafx-controls/21.0.1/javafx-controls-21.0.1.jar:/Users/kyu/.m2/repository/org/openjfx/javafx-graphics/21.0.1/javafx-graphics-21.0.1.jar:/Users/kyu/.m2/repository/org/openjfx/javafx-base/21.0.1/javafx-base-21.0.1.jar:/Users/kyu/.m2/repository/org/junit/jupiter/junit-jupiter-engine/5.7.1/junit-jupiter-engine-5.7.1.jar:/Users/kyu/.m2/repository/org/apiguardian/apiguardian-api/1.1.0/apiguardian-api-1.1.0.jar:/Users/kyu/.m2/repository/org/junit/platform/junit-platform-engine/1.7.1/junit-platform-engine-1.7.1.jar:/Users/kyu/.m2/repository/org/opentest4j/opentest4j/1.2.0/opentest4j-1.2.0.jar:/Users/kyu/.m2/repository/org/junit/platform/junit-platform-commons/1.7.1/junit-platform-commons-1.7.1.jar:/Users/kyu/.m2/repository/org/junit/jupiter/junit-jupiter-api/5.7.1/junit-jupiter-api-5.7.1.jar:/Users/kyu/.m2/repository/org/apache/maven/surefire/surefire-junit-platform/3.1.2/surefire-junit-platform-3.1.2.jar:/Users/kyu/.m2/repository/org/apache/maven/surefire/common-java5/3.1.2/common-java5-3.1.2.jar:/Users/kyu/.m2/repository/org/junit/platform/junit-platform-launcher/1.7.1/junit-platform-launcher-1.7.1.jar"/>
    <property name="sun.management.compiler" value="HotSpot 64-Bit Tiered Compilers"/>
    <property name="ftp.nonProxyHosts" value="local|*.local|169.254/16|*.169.254/16"/>
    <property name="java.runtime.version" value="21.0.1+12-LTS-29"/>
    <property name="user.name" value="kyu"/>
    <property name="stdout.encoding" value="UTF-8"/>
    <property name="path.separator" value=":"/>
    <property name="os.version" value="13.6"/>
    <property name="java.runtime.name" value="Java(TM) SE Runtime Environment"/>
    <property name="file.encoding" value="UTF-8"/>
    <property name="java.vm.name" value="Java HotSpot(TM) 64-Bit Server VM"/>
    <property name="localRepository" value="/Users/kyu/.m2/repository"/>
    <property name="java.vendor.url.bug" value="https://bugreport.java.com/bugreport/"/>
    <property name="java.io.tmpdir" value="/var/folders/db/n20fsmdj2gz9g12j001r25tr0000gn/T/"/>
    <property name="java.version" value="21.0.1"/>
    <property name="user.dir" value="/Users/kyu/Desktop/CS321/test"/>
    <property name="os.arch" value="aarch64"/>
    <property name="java.vm.specification.name" value="Java Virtual Machine Specification"/>
    <property name="native.encoding" value="UTF-8"/>
    <property name="java.library.path" value="/Users/kyu/Library/Java/Extensions:/Library/Java/Extensions:/Network/Library/Java/Extensions:/System/Library/Java/Extensions:/usr/lib/java:."/>
    <property name="java.vm.info" value="mixed mode"/>
    <property name="stderr.encoding" value="UTF-8"/>
    <property name="java.vendor" value="Oracle Corporation"/>
    <property name="java.vm.version" value="21.0.1+12-LTS-29"/>
    <property name="sun.io.unicode.encoding" value="UnicodeBig"/>
    <property name="socksNonProxyHosts" value="local|*.local|169.254/16|*.169.254/16"/>
    <property name="java.class.version" value="65.0"/>
  </properties>
  <testcase name="testGetBeneficiaryArrivalDate" classname="test.java.BusinessObjectTest" time="0.009"/>
  <testcase name="testGetPetitionerLastName" classname="test.java.BusinessObjectTest" time="0.001"/>
  <testcase name="testGetEmail" classname="test.java.BusinessObjectTest" time="0.0"/>
  <testcase name="testGetBeneficiaryDOB" classname="test.java.BusinessObjectTest" time="0.0"/>
  <testcase name="testGetEmailSent" classname="test.java.BusinessObjectTest" time="0.001"/>
  <testcase name="testSetBeneficiaryArrivalDate" classname="test.java.BusinessObjectTest" time="0.001"/>
  <testcase name="testGetApproveStatus" classname="test.java.BusinessObjectTest" time="0.0"/>
  <testcase name="testGetAddress" classname="test.java.BusinessObjectTest" time="0.0"/>
  <testcase name="testSetBeneficiaryAddress" classname="test.java.BusinessObjectTest" time="0.001"/>
  <testcase name="testGetBeneficiaryFirstName" classname="test.java.BusinessObjectTest" time="0.0"/>
  <testcase name="testSetPhoneNumber" classname="test.java.BusinessObjectTest" time="0.001"/>
  <testcase name="testGetBeneficiaryPassportExpirationDate" classname="test.java.BusinessObjectTest" time="0.001"/>
  <testcase name="testGetBeneficiaryA_Number" classname="test.java.BusinessObjectTest" time="0.0"/>
  <testcase name="testGetPetitionerFirstName" classname="test.java.BusinessObjectTest" time="0.0"/>
  <testcase name="testGetBeneficiaryLastName" classname="test.java.BusinessObjectTest" time="0.0"/>
  <testcase name="testSetEmailSent" classname="test.java.BusinessObjectTest" time="0.0"/>
  <testcase name="testSetPetitionerLastName" classname="test.java.BusinessObjectTest" time="0.0"/>
  <testcase name="testGetBusinessName" classname="test.java.BusinessObjectTest" time="0.0"/>
  <testcase name="testGetBeneficiaryCountryOfBirth" classname="test.java.BusinessObjectTest" time="0.0"/>
  <testcase name="testGetBeneficiaryAddress" classname="test.java.BusinessObjectTest" time="0.0"/>
  <testcase name="testSetBeneficiaryA_Number" classname="test.java.BusinessObjectTest" time="0.0"/>
  <testcase name="testSetAddress" classname="test.java.BusinessObjectTest" time="0.001"/>
  <testcase name="testGetPhoneNumber" classname="test.java.BusinessObjectTest" time="0.0"/>
  <testcase name="testSetWorkID" classname="test.java.BusinessObjectTest" time="0.0"/>
  <testcase name="testGetEIN" classname="test.java.BusinessObjectTest" time="0.0"/>
  <testcase name="testSetBeneficiaryGender" classname="test.java.BusinessObjectTest" time="0.0"/>
  <testcase name="testSetBeneficiaryPassportExpirationDate" classname="test.java.BusinessObjectTest" time="0.001"/>
  <testcase name="testSetBeneficiaryFirstName" classname="test.java.BusinessObjectTest" time="0.0"/>
  <testcase name="testSetApproveStatus" classname="test.java.BusinessObjectTest" time="0.0"/>
  <testcase name="testSetPetitionerFirstName" classname="test.java.BusinessObjectTest" time="0.0"/>
  <testcase name="testGetWorkID" classname="test.java.BusinessObjectTest" time="0.0"/>
  <testcase name="testSetBeneficiaryLastName" classname="test.java.BusinessObjectTest" time="0.001"/>
  <testcase name="testSetBusinessName" classname="test.java.BusinessObjectTest" time="0.0"/>
  <testcase name="testSetEIN" classname="test.java.BusinessObjectTest" time="0.0"/>
  <testcase name="testGetBeneficiaryGender" classname="test.java.BusinessObjectTest" time="0.0"/>
  <testcase name="testSetBeneficiaryDOB" classname="test.java.BusinessObjectTest" time="0.0"/>
  <testcase name="testSetEmail" classname="test.java.BusinessObjectTest" time="0.0"/>
  <testcase name="testSetBeneficiaryCountryOfBirth" classname="test.java.BusinessObjectTest" time="0.0"/>
</testsuite>